2018-07-10 16:56:14,672 INFO 72070 [egg:logger] init all loggers with options: {"dir":"/Users/qitmac000404/Documents/personalJobs/dishBooking/logs/dishBooking","encoding":"utf8","env":"local","level":"INFO","consoleLevel":"INFO","disableConsoleAfterReady":false,"outputJSON":false,"buffer":true,"appLogName":"dishBooking-web.log","coreLogName":"egg-web.log","agentLogName":"egg-agent.log","errorLogName":"common-error.log","coreLogger":{"consoleLevel":"WARN"},"allowDebugAtProd":true,"type":"application"}
2018-07-10 16:56:14,709 INFO 72070 [egg-schedule]: register schedule /Users/qitmac000404/Documents/personalJobs/dishBooking/node_modules/egg-logrotator/app/schedule/clean_log.js
2018-07-10 16:56:14,709 INFO 72070 [egg-schedule]: register schedule /Users/qitmac000404/Documents/personalJobs/dishBooking/node_modules/egg-logrotator/app/schedule/rotate_by_file.js
2018-07-10 16:56:14,778 INFO 72070 [egg-static] starting static serve /public/ -> /Users/qitmac000404/Documents/personalJobs/dishBooking/app/public
2018-07-10 16:56:14,782 INFO 72070 [egg-security] use csrf middleware
2018-07-10 16:56:14,782 INFO 72070 [egg-security] use methodnoallow middleware
2018-07-10 16:56:14,783 INFO 72070 [egg-security] use noopen middleware
2018-07-10 16:56:14,783 INFO 72070 [egg-security] use nosniff middleware
2018-07-10 16:56:14,784 INFO 72070 [egg-security] use xssProtection middleware
2018-07-10 16:56:14,784 INFO 72070 [egg-security] use xframe middleware
2018-07-10 16:56:14,785 INFO 72070 [egg-security] use dta middleware
2018-07-10 16:56:14,785 INFO 72070 [egg-security] compose 7 middlewares into one security middleware
2018-07-10 16:56:14,818 INFO 72070 [egg-watcher:app] watcher start success
2018-07-10 17:04:30,782 INFO 72184 [egg:logger] init all loggers with options: {"dir":"/Users/qitmac000404/Documents/personalJobs/dishBooking/logs/dishBooking","encoding":"utf8","env":"local","level":"INFO","consoleLevel":"INFO","disableConsoleAfterReady":false,"outputJSON":false,"buffer":true,"appLogName":"dishBooking-web.log","coreLogName":"egg-web.log","agentLogName":"egg-agent.log","errorLogName":"common-error.log","coreLogger":{"consoleLevel":"WARN"},"allowDebugAtProd":true,"type":"application"}
2018-07-10 17:04:30,821 INFO 72184 [egg-schedule]: register schedule /Users/qitmac000404/Documents/personalJobs/dishBooking/node_modules/egg-logrotator/app/schedule/clean_log.js
2018-07-10 17:04:30,821 INFO 72184 [egg-schedule]: register schedule /Users/qitmac000404/Documents/personalJobs/dishBooking/node_modules/egg-logrotator/app/schedule/rotate_by_file.js
2018-07-10 17:04:30,887 INFO 72184 [egg-static] starting static serve /public/ -> /Users/qitmac000404/Documents/personalJobs/dishBooking/app/public
2018-07-10 17:04:30,892 INFO 72184 [egg-security] use csrf middleware
2018-07-10 17:04:30,893 INFO 72184 [egg-security] use methodnoallow middleware
2018-07-10 17:04:30,893 INFO 72184 [egg-security] use noopen middleware
2018-07-10 17:04:30,894 INFO 72184 [egg-security] use nosniff middleware
2018-07-10 17:04:30,894 INFO 72184 [egg-security] use xssProtection middleware
2018-07-10 17:04:30,895 INFO 72184 [egg-security] use xframe middleware
2018-07-10 17:04:30,895 INFO 72184 [egg-security] use dta middleware
2018-07-10 17:04:30,895 INFO 72184 [egg-security] compose 7 middlewares into one security middleware
2018-07-10 17:04:30,927 INFO 72184 [egg-watcher:app] watcher start success
2018-07-10 17:10:12,724 INFO 72428 [egg:logger] init all loggers with options: {"dir":"/Users/qitmac000404/Documents/personalJobs/dishBooking/logs/dishBooking","encoding":"utf8","env":"local","level":"INFO","consoleLevel":"INFO","disableConsoleAfterReady":false,"outputJSON":false,"buffer":true,"appLogName":"dishBooking-web.log","coreLogName":"egg-web.log","agentLogName":"egg-agent.log","errorLogName":"common-error.log","coreLogger":{"consoleLevel":"WARN"},"allowDebugAtProd":true,"type":"application"}
2018-07-10 17:10:12,760 INFO 72428 [egg-schedule]: register schedule /Users/qitmac000404/Documents/personalJobs/dishBooking/node_modules/egg-logrotator/app/schedule/clean_log.js
2018-07-10 17:10:12,760 INFO 72428 [egg-schedule]: register schedule /Users/qitmac000404/Documents/personalJobs/dishBooking/node_modules/egg-logrotator/app/schedule/rotate_by_file.js
2018-07-10 17:10:12,802 INFO 72428 [egg-static] starting static serve /public/ -> /Users/qitmac000404/Documents/personalJobs/dishBooking/app/public
2018-07-10 17:10:12,806 INFO 72428 [egg-security] use csrf middleware
2018-07-10 17:10:12,807 INFO 72428 [egg-security] use methodnoallow middleware
2018-07-10 17:10:12,807 INFO 72428 [egg-security] use noopen middleware
2018-07-10 17:10:12,807 INFO 72428 [egg-security] use nosniff middleware
2018-07-10 17:10:12,808 INFO 72428 [egg-security] use xssProtection middleware
2018-07-10 17:10:12,808 INFO 72428 [egg-security] use xframe middleware
2018-07-10 17:10:12,808 INFO 72428 [egg-security] use dta middleware
2018-07-10 17:10:12,808 INFO 72428 [egg-security] compose 7 middlewares into one security middleware
2018-07-10 17:10:12,839 INFO 72428 [egg-watcher:app] watcher start success
2018-07-10 17:15:45,261 INFO 72808 [egg:logger] init all loggers with options: {"dir":"/Users/qitmac000404/Documents/personalJobs/dishBooking/logs/dishBooking","encoding":"utf8","env":"local","level":"INFO","consoleLevel":"INFO","disableConsoleAfterReady":false,"outputJSON":false,"buffer":true,"appLogName":"dishBooking-web.log","coreLogName":"egg-web.log","agentLogName":"egg-agent.log","errorLogName":"common-error.log","coreLogger":{"consoleLevel":"WARN"},"allowDebugAtProd":true,"type":"application"}
2018-07-10 17:15:45,300 INFO 72808 [egg-schedule]: register schedule /Users/qitmac000404/Documents/personalJobs/dishBooking/node_modules/egg-logrotator/app/schedule/clean_log.js
2018-07-10 17:15:45,300 INFO 72808 [egg-schedule]: register schedule /Users/qitmac000404/Documents/personalJobs/dishBooking/node_modules/egg-logrotator/app/schedule/rotate_by_file.js
2018-07-10 17:15:45,370 INFO 72808 [egg-static] starting static serve /public/ -> /Users/qitmac000404/Documents/personalJobs/dishBooking/app/public
2018-07-10 17:15:45,373 INFO 72808 [egg-security] use csrf middleware
2018-07-10 17:15:45,374 INFO 72808 [egg-security] use methodnoallow middleware
2018-07-10 17:15:45,375 INFO 72808 [egg-security] use noopen middleware
2018-07-10 17:15:45,376 INFO 72808 [egg-security] use nosniff middleware
2018-07-10 17:15:45,376 INFO 72808 [egg-security] use xssProtection middleware
2018-07-10 17:15:45,377 INFO 72808 [egg-security] use xframe middleware
2018-07-10 17:15:45,378 INFO 72808 [egg-security] use dta middleware
2018-07-10 17:15:45,378 INFO 72808 [egg-security] compose 7 middlewares into one security middleware
2018-07-10 17:15:45,415 INFO 72808 [egg-watcher:app] watcher start success
2018-07-10 17:16:01,839 INFO 72831 [egg:logger] init all loggers with options: {"dir":"/Users/qitmac000404/Documents/personalJobs/dishBooking/logs/dishBooking","encoding":"utf8","env":"local","level":"INFO","consoleLevel":"INFO","disableConsoleAfterReady":false,"outputJSON":false,"buffer":true,"appLogName":"dishBooking-web.log","coreLogName":"egg-web.log","agentLogName":"egg-agent.log","errorLogName":"common-error.log","coreLogger":{"consoleLevel":"WARN"},"allowDebugAtProd":true,"type":"application"}
2018-07-10 17:16:01,877 INFO 72831 [egg-schedule]: register schedule /Users/qitmac000404/Documents/personalJobs/dishBooking/node_modules/egg-logrotator/app/schedule/clean_log.js
2018-07-10 17:16:01,877 INFO 72831 [egg-schedule]: register schedule /Users/qitmac000404/Documents/personalJobs/dishBooking/node_modules/egg-logrotator/app/schedule/rotate_by_file.js
2018-07-10 17:16:01,937 INFO 72831 [egg-static] starting static serve /public/ -> /Users/qitmac000404/Documents/personalJobs/dishBooking/app/public
2018-07-10 17:16:01,940 INFO 72831 [egg-security] use csrf middleware
2018-07-10 17:16:01,941 INFO 72831 [egg-security] use methodnoallow middleware
2018-07-10 17:16:01,941 INFO 72831 [egg-security] use noopen middleware
2018-07-10 17:16:01,942 INFO 72831 [egg-security] use nosniff middleware
2018-07-10 17:16:01,942 INFO 72831 [egg-security] use xssProtection middleware
2018-07-10 17:16:01,942 INFO 72831 [egg-security] use xframe middleware
2018-07-10 17:16:01,942 INFO 72831 [egg-security] use dta middleware
2018-07-10 17:16:01,942 INFO 72831 [egg-security] compose 7 middlewares into one security middleware
2018-07-10 17:16:01,973 INFO 72831 [egg-watcher:app] watcher start success
2018-07-10 17:17:29,156 INFO 72842 [egg:logger] init all loggers with options: {"dir":"/Users/qitmac000404/Documents/personalJobs/dishBooking/logs/dishBooking","encoding":"utf8","env":"local","level":"INFO","consoleLevel":"INFO","disableConsoleAfterReady":false,"outputJSON":false,"buffer":true,"appLogName":"dishBooking-web.log","coreLogName":"egg-web.log","agentLogName":"egg-agent.log","errorLogName":"common-error.log","coreLogger":{"consoleLevel":"WARN"},"allowDebugAtProd":true,"type":"application"}
2018-07-10 17:17:29,194 INFO 72842 [egg-schedule]: register schedule /Users/qitmac000404/Documents/personalJobs/dishBooking/node_modules/egg-logrotator/app/schedule/clean_log.js
2018-07-10 17:17:29,194 INFO 72842 [egg-schedule]: register schedule /Users/qitmac000404/Documents/personalJobs/dishBooking/node_modules/egg-logrotator/app/schedule/rotate_by_file.js
2018-07-10 17:17:29,248 INFO 72842 [egg-static] starting static serve /public/ -> /Users/qitmac000404/Documents/personalJobs/dishBooking/app/public
2018-07-10 17:17:29,250 INFO 72842 [egg-security] use csrf middleware
2018-07-10 17:17:29,251 INFO 72842 [egg-security] use methodnoallow middleware
2018-07-10 17:17:29,251 INFO 72842 [egg-security] use noopen middleware
2018-07-10 17:17:29,252 INFO 72842 [egg-security] use nosniff middleware
2018-07-10 17:17:29,252 INFO 72842 [egg-security] use xssProtection middleware
2018-07-10 17:17:29,252 INFO 72842 [egg-security] use xframe middleware
2018-07-10 17:17:29,253 INFO 72842 [egg-security] use dta middleware
2018-07-10 17:17:29,253 INFO 72842 [egg-security] compose 7 middlewares into one security middleware
2018-07-10 17:17:29,285 INFO 72842 [egg-watcher:app] watcher start success
2018-07-10 17:17:36,849 INFO 72845 [egg:logger] init all loggers with options: {"dir":"/Users/qitmac000404/Documents/personalJobs/dishBooking/logs/dishBooking","encoding":"utf8","env":"local","level":"INFO","consoleLevel":"INFO","disableConsoleAfterReady":false,"outputJSON":false,"buffer":true,"appLogName":"dishBooking-web.log","coreLogName":"egg-web.log","agentLogName":"egg-agent.log","errorLogName":"common-error.log","coreLogger":{"consoleLevel":"WARN"},"allowDebugAtProd":true,"type":"application"}
2018-07-10 17:17:36,892 INFO 72845 [egg-schedule]: register schedule /Users/qitmac000404/Documents/personalJobs/dishBooking/node_modules/egg-logrotator/app/schedule/clean_log.js
2018-07-10 17:17:36,892 INFO 72845 [egg-schedule]: register schedule /Users/qitmac000404/Documents/personalJobs/dishBooking/node_modules/egg-logrotator/app/schedule/rotate_by_file.js
2018-07-10 17:17:36,956 INFO 72845 [egg-static] starting static serve /public/ -> /Users/qitmac000404/Documents/personalJobs/dishBooking/app/public
2018-07-10 17:17:36,959 INFO 72845 [egg-security] use csrf middleware
2018-07-10 17:17:36,960 INFO 72845 [egg-security] use methodnoallow middleware
2018-07-10 17:17:36,960 INFO 72845 [egg-security] use noopen middleware
2018-07-10 17:17:36,960 INFO 72845 [egg-security] use nosniff middleware
2018-07-10 17:17:36,961 INFO 72845 [egg-security] use xssProtection middleware
2018-07-10 17:17:36,961 INFO 72845 [egg-security] use xframe middleware
2018-07-10 17:17:36,962 INFO 72845 [egg-security] use dta middleware
2018-07-10 17:17:36,962 INFO 72845 [egg-security] compose 7 middlewares into one security middleware
2018-07-10 17:17:36,991 INFO 72845 [egg-watcher:app] watcher start success
2018-07-10 17:25:18,399 INFO 72877 [egg:logger] init all loggers with options: {"dir":"/Users/qitmac000404/Documents/personalJobs/dishBooking/logs/dishBooking","encoding":"utf8","env":"local","level":"INFO","consoleLevel":"INFO","disableConsoleAfterReady":false,"outputJSON":false,"buffer":true,"appLogName":"dishBooking-web.log","coreLogName":"egg-web.log","agentLogName":"egg-agent.log","errorLogName":"common-error.log","coreLogger":{"consoleLevel":"WARN"},"allowDebugAtProd":true,"type":"application"}
2018-07-10 17:25:18,446 INFO 72877 [egg-schedule]: register schedule /Users/qitmac000404/Documents/personalJobs/dishBooking/node_modules/egg-logrotator/app/schedule/clean_log.js
2018-07-10 17:25:18,446 INFO 72877 [egg-schedule]: register schedule /Users/qitmac000404/Documents/personalJobs/dishBooking/node_modules/egg-logrotator/app/schedule/rotate_by_file.js
2018-07-10 17:25:18,511 INFO 72877 [egg-static] starting static serve /public/ -> /Users/qitmac000404/Documents/personalJobs/dishBooking/app/public
2018-07-10 17:25:18,514 INFO 72877 [egg-security] use csrf middleware
2018-07-10 17:25:18,515 INFO 72877 [egg-security] use methodnoallow middleware
2018-07-10 17:25:18,515 INFO 72877 [egg-security] use noopen middleware
2018-07-10 17:25:18,515 INFO 72877 [egg-security] use nosniff middleware
2018-07-10 17:25:18,516 INFO 72877 [egg-security] use xssProtection middleware
2018-07-10 17:25:18,516 INFO 72877 [egg-security] use xframe middleware
2018-07-10 17:25:18,516 INFO 72877 [egg-security] use dta middleware
2018-07-10 17:25:18,517 INFO 72877 [egg-security] compose 7 middlewares into one security middleware
2018-07-10 17:25:18,545 INFO 72877 [egg-watcher:app] watcher start success
2018-07-10 17:40:48,501 INFO 73014 [egg:logger] init all loggers with options: {"dir":"/Users/qitmac000404/Documents/personalJobs/dishBooking/logs/dishBooking","encoding":"utf8","env":"local","level":"INFO","consoleLevel":"INFO","disableConsoleAfterReady":false,"outputJSON":false,"buffer":true,"appLogName":"dishBooking-web.log","coreLogName":"egg-web.log","agentLogName":"egg-agent.log","errorLogName":"common-error.log","coreLogger":{"consoleLevel":"WARN"},"allowDebugAtProd":true,"type":"application"}
2018-07-10 17:40:48,542 INFO 73014 [egg-schedule]: register schedule /Users/qitmac000404/Documents/personalJobs/dishBooking/node_modules/egg-logrotator/app/schedule/clean_log.js
2018-07-10 17:40:48,542 INFO 73014 [egg-schedule]: register schedule /Users/qitmac000404/Documents/personalJobs/dishBooking/node_modules/egg-logrotator/app/schedule/rotate_by_file.js
2018-07-10 17:40:48,597 INFO 73014 [egg-static] starting static serve /public/ -> /Users/qitmac000404/Documents/personalJobs/dishBooking/app/public
2018-07-10 17:40:48,599 INFO 73014 [egg-security] use csrf middleware
2018-07-10 17:40:48,600 INFO 73014 [egg-security] use methodnoallow middleware
2018-07-10 17:40:48,600 INFO 73014 [egg-security] use noopen middleware
2018-07-10 17:40:48,600 INFO 73014 [egg-security] use nosniff middleware
2018-07-10 17:40:48,601 INFO 73014 [egg-security] use xssProtection middleware
2018-07-10 17:40:48,601 INFO 73014 [egg-security] use xframe middleware
2018-07-10 17:40:48,601 INFO 73014 [egg-security] use dta middleware
2018-07-10 17:40:48,601 INFO 73014 [egg-security] compose 7 middlewares into one security middleware
2018-07-10 17:40:48,639 INFO 73014 [egg-watcher:app] watcher start success
2018-07-10 17:41:35,911 INFO 73037 [egg:logger] init all loggers with options: {"dir":"/Users/qitmac000404/Documents/personalJobs/dishBooking/logs/dishBooking","encoding":"utf8","env":"local","level":"INFO","consoleLevel":"INFO","disableConsoleAfterReady":false,"outputJSON":false,"buffer":true,"appLogName":"dishBooking-web.log","coreLogName":"egg-web.log","agentLogName":"egg-agent.log","errorLogName":"common-error.log","coreLogger":{"consoleLevel":"WARN"},"allowDebugAtProd":true,"type":"application"}
2018-07-10 17:41:35,951 INFO 73037 [egg-schedule]: register schedule /Users/qitmac000404/Documents/personalJobs/dishBooking/node_modules/egg-logrotator/app/schedule/clean_log.js
2018-07-10 17:41:35,951 INFO 73037 [egg-schedule]: register schedule /Users/qitmac000404/Documents/personalJobs/dishBooking/node_modules/egg-logrotator/app/schedule/rotate_by_file.js
2018-07-10 17:41:36,011 INFO 73037 [egg-static] starting static serve /public/ -> /Users/qitmac000404/Documents/personalJobs/dishBooking/app/public
2018-07-10 17:41:36,013 INFO 73037 [egg-security] use csrf middleware
2018-07-10 17:41:36,014 INFO 73037 [egg-security] use methodnoallow middleware
2018-07-10 17:41:36,015 INFO 73037 [egg-security] use noopen middleware
2018-07-10 17:41:36,015 INFO 73037 [egg-security] use nosniff middleware
2018-07-10 17:41:36,015 INFO 73037 [egg-security] use xssProtection middleware
2018-07-10 17:41:36,016 INFO 73037 [egg-security] use xframe middleware
2018-07-10 17:41:36,016 INFO 73037 [egg-security] use dta middleware
2018-07-10 17:41:36,016 INFO 73037 [egg-security] compose 7 middlewares into one security middleware
2018-07-10 17:41:36,048 INFO 73037 [egg-watcher:app] watcher start success
2018-07-10 17:41:41,837 INFO 73050 [egg:logger] init all loggers with options: {"dir":"/Users/qitmac000404/Documents/personalJobs/dishBooking/logs/dishBooking","encoding":"utf8","env":"local","level":"INFO","consoleLevel":"INFO","disableConsoleAfterReady":false,"outputJSON":false,"buffer":true,"appLogName":"dishBooking-web.log","coreLogName":"egg-web.log","agentLogName":"egg-agent.log","errorLogName":"common-error.log","coreLogger":{"consoleLevel":"WARN"},"allowDebugAtProd":true,"type":"application"}
2018-07-10 17:41:41,879 INFO 73050 [egg-schedule]: register schedule /Users/qitmac000404/Documents/personalJobs/dishBooking/node_modules/egg-logrotator/app/schedule/clean_log.js
2018-07-10 17:41:41,879 INFO 73050 [egg-schedule]: register schedule /Users/qitmac000404/Documents/personalJobs/dishBooking/node_modules/egg-logrotator/app/schedule/rotate_by_file.js
2018-07-10 17:41:41,936 INFO 73050 [egg-static] starting static serve /public/ -> /Users/qitmac000404/Documents/personalJobs/dishBooking/app/public
2018-07-10 17:41:41,938 INFO 73050 [egg-security] use csrf middleware
2018-07-10 17:41:41,939 INFO 73050 [egg-security] use methodnoallow middleware
2018-07-10 17:41:41,940 INFO 73050 [egg-security] use noopen middleware
2018-07-10 17:41:41,940 INFO 73050 [egg-security] use nosniff middleware
2018-07-10 17:41:41,940 INFO 73050 [egg-security] use xssProtection middleware
2018-07-10 17:41:41,941 INFO 73050 [egg-security] use xframe middleware
2018-07-10 17:41:41,941 INFO 73050 [egg-security] use dta middleware
2018-07-10 17:41:41,941 INFO 73050 [egg-security] compose 7 middlewares into one security middleware
2018-07-10 17:41:41,977 INFO 73050 [egg-watcher:app] watcher start success
2018-07-10 17:41:49,575 INFO 73051 [egg:logger] init all loggers with options: {"dir":"/Users/qitmac000404/Documents/personalJobs/dishBooking/logs/dishBooking","encoding":"utf8","env":"local","level":"INFO","consoleLevel":"INFO","disableConsoleAfterReady":false,"outputJSON":false,"buffer":true,"appLogName":"dishBooking-web.log","coreLogName":"egg-web.log","agentLogName":"egg-agent.log","errorLogName":"common-error.log","coreLogger":{"consoleLevel":"WARN"},"allowDebugAtProd":true,"type":"application"}
2018-07-10 17:41:49,612 INFO 73051 [egg-schedule]: register schedule /Users/qitmac000404/Documents/personalJobs/dishBooking/node_modules/egg-logrotator/app/schedule/clean_log.js
2018-07-10 17:41:49,612 INFO 73051 [egg-schedule]: register schedule /Users/qitmac000404/Documents/personalJobs/dishBooking/node_modules/egg-logrotator/app/schedule/rotate_by_file.js
2018-07-10 17:41:49,666 INFO 73051 [egg-static] starting static serve /public/ -> /Users/qitmac000404/Documents/personalJobs/dishBooking/app/public
2018-07-10 17:41:49,669 INFO 73051 [egg-security] use csrf middleware
2018-07-10 17:41:49,669 INFO 73051 [egg-security] use methodnoallow middleware
2018-07-10 17:41:49,670 INFO 73051 [egg-security] use noopen middleware
2018-07-10 17:41:49,670 INFO 73051 [egg-security] use nosniff middleware
2018-07-10 17:41:49,670 INFO 73051 [egg-security] use xssProtection middleware
2018-07-10 17:41:49,671 INFO 73051 [egg-security] use xframe middleware
2018-07-10 17:41:49,671 INFO 73051 [egg-security] use dta middleware
2018-07-10 17:41:49,671 INFO 73051 [egg-security] compose 7 middlewares into one security middleware
2018-07-10 17:41:49,702 INFO 73051 [egg-watcher:app] watcher start success
2018-07-10 17:41:56,322 INFO 73064 [egg:logger] init all loggers with options: {"dir":"/Users/qitmac000404/Documents/personalJobs/dishBooking/logs/dishBooking","encoding":"utf8","env":"local","level":"INFO","consoleLevel":"INFO","disableConsoleAfterReady":false,"outputJSON":false,"buffer":true,"appLogName":"dishBooking-web.log","coreLogName":"egg-web.log","agentLogName":"egg-agent.log","errorLogName":"common-error.log","coreLogger":{"consoleLevel":"WARN"},"allowDebugAtProd":true,"type":"application"}
2018-07-10 17:41:56,362 INFO 73064 [egg-schedule]: register schedule /Users/qitmac000404/Documents/personalJobs/dishBooking/node_modules/egg-logrotator/app/schedule/clean_log.js
2018-07-10 17:41:56,362 INFO 73064 [egg-schedule]: register schedule /Users/qitmac000404/Documents/personalJobs/dishBooking/node_modules/egg-logrotator/app/schedule/rotate_by_file.js
2018-07-10 17:41:56,421 INFO 73064 [egg-static] starting static serve /public/ -> /Users/qitmac000404/Documents/personalJobs/dishBooking/app/public
2018-07-10 17:41:56,423 INFO 73064 [egg-security] use csrf middleware
2018-07-10 17:41:56,424 INFO 73064 [egg-security] use methodnoallow middleware
2018-07-10 17:41:56,424 INFO 73064 [egg-security] use noopen middleware
2018-07-10 17:41:56,424 INFO 73064 [egg-security] use nosniff middleware
2018-07-10 17:41:56,425 INFO 73064 [egg-security] use xssProtection middleware
2018-07-10 17:41:56,425 INFO 73064 [egg-security] use xframe middleware
2018-07-10 17:41:56,425 INFO 73064 [egg-security] use dta middleware
2018-07-10 17:41:56,425 INFO 73064 [egg-security] compose 7 middlewares into one security middleware
2018-07-10 17:41:56,459 INFO 73064 [egg-watcher:app] watcher start success
2018-07-10 17:42:34,303 INFO 73069 [egg:logger] init all loggers with options: {"dir":"/Users/qitmac000404/Documents/personalJobs/dishBooking/logs/dishBooking","encoding":"utf8","env":"local","level":"INFO","consoleLevel":"INFO","disableConsoleAfterReady":false,"outputJSON":false,"buffer":true,"appLogName":"dishBooking-web.log","coreLogName":"egg-web.log","agentLogName":"egg-agent.log","errorLogName":"common-error.log","coreLogger":{"consoleLevel":"WARN"},"allowDebugAtProd":true,"type":"application"}
2018-07-10 17:42:34,343 INFO 73069 [egg-schedule]: register schedule /Users/qitmac000404/Documents/personalJobs/dishBooking/node_modules/egg-logrotator/app/schedule/clean_log.js
2018-07-10 17:42:34,343 INFO 73069 [egg-schedule]: register schedule /Users/qitmac000404/Documents/personalJobs/dishBooking/node_modules/egg-logrotator/app/schedule/rotate_by_file.js
2018-07-10 17:42:34,357 INFO 73069 [egg-mysql] connecting root@172.21.16.5:3306/dish
2018-07-10 17:42:34,474 INFO 73069 [egg-static] starting static serve /public/ -> /Users/qitmac000404/Documents/personalJobs/dishBooking/app/public
2018-07-10 17:42:34,477 INFO 73069 [egg-security] use csrf middleware
2018-07-10 17:42:34,478 INFO 73069 [egg-security] use methodnoallow middleware
2018-07-10 17:42:34,478 INFO 73069 [egg-security] use noopen middleware
2018-07-10 17:42:34,478 INFO 73069 [egg-security] use nosniff middleware
2018-07-10 17:42:34,479 INFO 73069 [egg-security] use xssProtection middleware
2018-07-10 17:42:34,479 INFO 73069 [egg-security] use xframe middleware
2018-07-10 17:42:34,479 INFO 73069 [egg-security] use dta middleware
2018-07-10 17:42:34,479 INFO 73069 [egg-security] compose 7 middlewares into one security middleware
2018-07-10 17:42:34,507 INFO 73069 [egg-watcher:app] watcher start success
2018-07-10 17:42:40,359 INFO 73084 [egg:logger] init all loggers with options: {"dir":"/Users/qitmac000404/Documents/personalJobs/dishBooking/logs/dishBooking","encoding":"utf8","env":"local","level":"INFO","consoleLevel":"INFO","disableConsoleAfterReady":false,"outputJSON":false,"buffer":true,"appLogName":"dishBooking-web.log","coreLogName":"egg-web.log","agentLogName":"egg-agent.log","errorLogName":"common-error.log","coreLogger":{"consoleLevel":"WARN"},"allowDebugAtProd":true,"type":"application"}
2018-07-10 17:42:40,401 INFO 73084 [egg-schedule]: register schedule /Users/qitmac000404/Documents/personalJobs/dishBooking/node_modules/egg-logrotator/app/schedule/clean_log.js
2018-07-10 17:42:40,401 INFO 73084 [egg-schedule]: register schedule /Users/qitmac000404/Documents/personalJobs/dishBooking/node_modules/egg-logrotator/app/schedule/rotate_by_file.js
2018-07-10 17:42:40,415 INFO 73084 [egg-mysql] connecting root@172.21.16.5:3306/dish
2018-07-10 17:42:40,502 INFO 73084 [egg-static] starting static serve /public/ -> /Users/qitmac000404/Documents/personalJobs/dishBooking/app/public
2018-07-10 17:42:40,505 INFO 73084 [egg-security] use csrf middleware
2018-07-10 17:42:40,506 INFO 73084 [egg-security] use methodnoallow middleware
2018-07-10 17:42:40,506 INFO 73084 [egg-security] use noopen middleware
2018-07-10 17:42:40,507 INFO 73084 [egg-security] use nosniff middleware
2018-07-10 17:42:40,507 INFO 73084 [egg-security] use xssProtection middleware
2018-07-10 17:42:40,508 INFO 73084 [egg-security] use xframe middleware
2018-07-10 17:42:40,508 INFO 73084 [egg-security] use dta middleware
2018-07-10 17:42:40,508 INFO 73084 [egg-security] compose 7 middlewares into one security middleware
2018-07-10 17:42:40,543 INFO 73084 [egg-watcher:app] watcher start success
2018-07-10 17:43:17,727 INFO 73098 [egg:logger] init all loggers with options: {"dir":"/Users/qitmac000404/Documents/personalJobs/dishBooking/logs/dishBooking","encoding":"utf8","env":"local","level":"INFO","consoleLevel":"INFO","disableConsoleAfterReady":false,"outputJSON":false,"buffer":true,"appLogName":"dishBooking-web.log","coreLogName":"egg-web.log","agentLogName":"egg-agent.log","errorLogName":"common-error.log","coreLogger":{"consoleLevel":"WARN"},"allowDebugAtProd":true,"type":"application"}
2018-07-10 17:43:17,763 INFO 73098 [egg-schedule]: register schedule /Users/qitmac000404/Documents/personalJobs/dishBooking/node_modules/egg-logrotator/app/schedule/clean_log.js
2018-07-10 17:43:17,763 INFO 73098 [egg-schedule]: register schedule /Users/qitmac000404/Documents/personalJobs/dishBooking/node_modules/egg-logrotator/app/schedule/rotate_by_file.js
2018-07-10 17:43:17,774 INFO 73098 [egg-mysql] connecting root@172.21.16.5:3306/dish
2018-07-10 17:43:17,860 INFO 73098 [egg-static] starting static serve /public/ -> /Users/qitmac000404/Documents/personalJobs/dishBooking/app/public
2018-07-10 17:43:17,863 INFO 73098 [egg-security] use csrf middleware
2018-07-10 17:43:17,863 INFO 73098 [egg-security] use methodnoallow middleware
2018-07-10 17:43:17,864 INFO 73098 [egg-security] use noopen middleware
2018-07-10 17:43:17,864 INFO 73098 [egg-security] use nosniff middleware
2018-07-10 17:43:17,864 INFO 73098 [egg-security] use xssProtection middleware
2018-07-10 17:43:17,864 INFO 73098 [egg-security] use xframe middleware
2018-07-10 17:43:17,865 INFO 73098 [egg-security] use dta middleware
2018-07-10 17:43:17,865 INFO 73098 [egg-security] compose 7 middlewares into one security middleware
2018-07-10 17:43:17,897 INFO 73098 [egg-watcher:app] watcher start success
2018-07-10 17:43:25,801 WARN 73098 [ClusterClient:Watcher] follower closed, and try to init it again
2018-07-10 17:45:33,484 INFO 73168 [egg:logger] init all loggers with options: {"dir":"/Users/qitmac000404/Documents/personalJobs/dishBooking/logs/dishBooking","encoding":"utf8","env":"local","level":"INFO","consoleLevel":"INFO","disableConsoleAfterReady":false,"outputJSON":false,"buffer":true,"appLogName":"dishBooking-web.log","coreLogName":"egg-web.log","agentLogName":"egg-agent.log","errorLogName":"common-error.log","coreLogger":{"consoleLevel":"WARN"},"allowDebugAtProd":true,"type":"application"}
2018-07-10 17:45:33,524 INFO 73168 [egg-schedule]: register schedule /Users/qitmac000404/Documents/personalJobs/dishBooking/node_modules/egg-logrotator/app/schedule/clean_log.js
2018-07-10 17:45:33,524 INFO 73168 [egg-schedule]: register schedule /Users/qitmac000404/Documents/personalJobs/dishBooking/node_modules/egg-logrotator/app/schedule/rotate_by_file.js
2018-07-10 17:45:33,535 INFO 73168 [egg-mysql] connecting root@http://bj-cdb-87mvauw8.sql.tencentcdb.com:63163/dish
2018-07-10 17:45:33,620 INFO 73168 [egg-static] starting static serve /public/ -> /Users/qitmac000404/Documents/personalJobs/dishBooking/app/public
2018-07-10 17:45:33,623 INFO 73168 [egg-security] use csrf middleware
2018-07-10 17:45:33,624 INFO 73168 [egg-security] use methodnoallow middleware
2018-07-10 17:45:33,624 INFO 73168 [egg-security] use noopen middleware
2018-07-10 17:45:33,624 INFO 73168 [egg-security] use nosniff middleware
2018-07-10 17:45:33,625 INFO 73168 [egg-security] use xssProtection middleware
2018-07-10 17:45:33,625 INFO 73168 [egg-security] use xframe middleware
2018-07-10 17:45:33,625 INFO 73168 [egg-security] use dta middleware
2018-07-10 17:45:33,625 INFO 73168 [egg-security] compose 7 middlewares into one security middleware
2018-07-10 17:45:33,659 INFO 73168 [egg-watcher:app] watcher start success
2018-07-10 17:49:02,917 INFO 73203 [egg:logger] init all loggers with options: {"dir":"/Users/qitmac000404/Documents/personalJobs/dishBooking/logs/dishBooking","encoding":"utf8","env":"local","level":"INFO","consoleLevel":"INFO","disableConsoleAfterReady":false,"outputJSON":false,"buffer":true,"appLogName":"dishBooking-web.log","coreLogName":"egg-web.log","agentLogName":"egg-agent.log","errorLogName":"common-error.log","coreLogger":{"consoleLevel":"WARN"},"allowDebugAtProd":true,"type":"application"}
2018-07-10 17:49:02,954 INFO 73203 [egg-schedule]: register schedule /Users/qitmac000404/Documents/personalJobs/dishBooking/node_modules/egg-logrotator/app/schedule/clean_log.js
2018-07-10 17:49:02,954 INFO 73203 [egg-schedule]: register schedule /Users/qitmac000404/Documents/personalJobs/dishBooking/node_modules/egg-logrotator/app/schedule/rotate_by_file.js
2018-07-10 17:49:02,965 INFO 73203 [egg-mysql] connecting root@bj-cdb-87mvauw8.sql.tencentcdb.com:63163/dish
2018-07-10 17:49:03,055 INFO 73203 [egg-static] starting static serve /public/ -> /Users/qitmac000404/Documents/personalJobs/dishBooking/app/public
2018-07-10 17:49:03,057 INFO 73203 [egg-security] use csrf middleware
2018-07-10 17:49:03,058 INFO 73203 [egg-security] use methodnoallow middleware
2018-07-10 17:49:03,058 INFO 73203 [egg-security] use noopen middleware
2018-07-10 17:49:03,059 INFO 73203 [egg-security] use nosniff middleware
2018-07-10 17:49:03,059 INFO 73203 [egg-security] use xssProtection middleware
2018-07-10 17:49:03,059 INFO 73203 [egg-security] use xframe middleware
2018-07-10 17:49:03,060 INFO 73203 [egg-security] use dta middleware
2018-07-10 17:49:03,060 INFO 73203 [egg-security] compose 7 middlewares into one security middleware
2018-07-10 17:49:03,092 INFO 73203 [egg-watcher:app] watcher start success
2018-07-10 17:49:03,115 INFO 73203 [egg-mysql] instance[0] status OK, rds currentTime: Tue Jul 10 2018 17:49:03 GMT+0800 (CST)
2018-07-11 11:30:12,780 INFO 76846 [egg:logger] init all loggers with options: {"dir":"/Users/qitmac000404/Documents/personalJobs/dishBooking/logs/dishBooking","encoding":"utf8","env":"local","level":"INFO","consoleLevel":"INFO","disableConsoleAfterReady":false,"outputJSON":false,"buffer":true,"appLogName":"dishBooking-web.log","coreLogName":"egg-web.log","agentLogName":"egg-agent.log","errorLogName":"common-error.log","coreLogger":{"consoleLevel":"WARN"},"allowDebugAtProd":true,"type":"application"}
2018-07-11 11:30:12,827 INFO 76846 [egg-schedule]: register schedule /Users/qitmac000404/Documents/personalJobs/dishBooking/node_modules/egg-logrotator/app/schedule/clean_log.js
2018-07-11 11:30:12,827 INFO 76846 [egg-schedule]: register schedule /Users/qitmac000404/Documents/personalJobs/dishBooking/node_modules/egg-logrotator/app/schedule/rotate_by_file.js
2018-07-11 11:30:12,846 INFO 76846 [egg-mysql] connecting root@bj-cdb-87mvauw8.sql.tencentcdb.com:63163/dish
2018-07-11 11:30:12,969 INFO 76846 [egg-static] starting static serve /public/ -> /Users/qitmac000404/Documents/personalJobs/dishBooking/app/public
2018-07-11 11:30:12,972 INFO 76846 [egg-security] use csrf middleware
2018-07-11 11:30:12,973 INFO 76846 [egg-security] use methodnoallow middleware
2018-07-11 11:30:12,973 INFO 76846 [egg-security] use noopen middleware
2018-07-11 11:30:12,974 INFO 76846 [egg-security] use nosniff middleware
2018-07-11 11:30:12,974 INFO 76846 [egg-security] use xssProtection middleware
2018-07-11 11:30:12,975 INFO 76846 [egg-security] use xframe middleware
2018-07-11 11:30:12,975 INFO 76846 [egg-security] use dta middleware
2018-07-11 11:30:12,975 INFO 76846 [egg-security] compose 7 middlewares into one security middleware
2018-07-11 11:30:13,005 INFO 76846 [egg-watcher:app] watcher start success
2018-07-11 11:30:13,057 INFO 76846 [egg-mysql] instance[0] status OK, rds currentTime: Wed Jul 11 2018 11:30:12 GMT+0800 (CST)
2018-07-11 11:30:38,327 INFO 77039 [egg:logger] init all loggers with options: {"dir":"/Users/qitmac000404/Documents/personalJobs/dishBooking/logs/dishBooking","encoding":"utf8","env":"local","level":"INFO","consoleLevel":"INFO","disableConsoleAfterReady":false,"outputJSON":false,"buffer":true,"appLogName":"dishBooking-web.log","coreLogName":"egg-web.log","agentLogName":"egg-agent.log","errorLogName":"common-error.log","coreLogger":{"consoleLevel":"WARN"},"allowDebugAtProd":true,"type":"application"}
2018-07-11 11:30:38,369 INFO 77039 [egg-schedule]: register schedule /Users/qitmac000404/Documents/personalJobs/dishBooking/node_modules/egg-logrotator/app/schedule/clean_log.js
2018-07-11 11:30:38,369 INFO 77039 [egg-schedule]: register schedule /Users/qitmac000404/Documents/personalJobs/dishBooking/node_modules/egg-logrotator/app/schedule/rotate_by_file.js
2018-07-11 11:30:38,384 INFO 77039 [egg-mysql] connecting root@bj-cdb-87mvauw8.sql.tencentcdb.com:63163/dish
2018-07-11 11:30:38,478 INFO 77039 [egg-static] starting static serve /public/ -> /Users/qitmac000404/Documents/personalJobs/dishBooking/app/public
2018-07-11 11:30:38,481 INFO 77039 [egg-security] use csrf middleware
2018-07-11 11:30:38,482 INFO 77039 [egg-security] use methodnoallow middleware
2018-07-11 11:30:38,482 INFO 77039 [egg-security] use noopen middleware
2018-07-11 11:30:38,483 INFO 77039 [egg-security] use nosniff middleware
2018-07-11 11:30:38,483 INFO 77039 [egg-security] use xssProtection middleware
2018-07-11 11:30:38,483 INFO 77039 [egg-security] use xframe middleware
2018-07-11 11:30:38,483 INFO 77039 [egg-security] use dta middleware
2018-07-11 11:30:38,483 INFO 77039 [egg-security] compose 7 middlewares into one security middleware
2018-07-11 11:30:38,514 INFO 77039 [egg-watcher:app] watcher start success
2018-07-11 11:30:38,541 INFO 77039 [egg-mysql] instance[0] status OK, rds currentTime: Wed Jul 11 2018 11:30:38 GMT+0800 (CST)
2018-07-11 11:43:55,572 INFO 77258 [egg:logger] init all loggers with options: {"dir":"/Users/qitmac000404/Documents/personalJobs/dishBooking/logs/dishBooking","encoding":"utf8","env":"local","level":"INFO","consoleLevel":"INFO","disableConsoleAfterReady":false,"outputJSON":false,"buffer":true,"appLogName":"dishBooking-web.log","coreLogName":"egg-web.log","agentLogName":"egg-agent.log","errorLogName":"common-error.log","coreLogger":{"consoleLevel":"WARN"},"allowDebugAtProd":true,"type":"application"}
2018-07-11 11:43:55,607 INFO 77258 [egg-schedule]: register schedule /Users/qitmac000404/Documents/personalJobs/dishBooking/node_modules/egg-logrotator/app/schedule/clean_log.js
2018-07-11 11:43:55,607 INFO 77258 [egg-schedule]: register schedule /Users/qitmac000404/Documents/personalJobs/dishBooking/node_modules/egg-logrotator/app/schedule/rotate_by_file.js
2018-07-11 11:43:55,621 INFO 77258 [egg-mysql] connecting root@bj-cdb-87mvauw8.sql.tencentcdb.com:63163/dish
2018-07-11 11:43:55,711 INFO 77258 [egg-static] starting static serve /public/ -> /Users/qitmac000404/Documents/personalJobs/dishBooking/app/public
2018-07-11 11:43:55,714 INFO 77258 [egg-security] use csrf middleware
2018-07-11 11:43:55,715 INFO 77258 [egg-security] use methodnoallow middleware
2018-07-11 11:43:55,715 INFO 77258 [egg-security] use noopen middleware
2018-07-11 11:43:55,715 INFO 77258 [egg-security] use nosniff middleware
2018-07-11 11:43:55,716 INFO 77258 [egg-security] use xssProtection middleware
2018-07-11 11:43:55,716 INFO 77258 [egg-security] use xframe middleware
2018-07-11 11:43:55,716 INFO 77258 [egg-security] use dta middleware
2018-07-11 11:43:55,716 INFO 77258 [egg-security] compose 7 middlewares into one security middleware
2018-07-11 11:43:55,751 INFO 77258 [egg-watcher:app] watcher start success
2018-07-11 11:43:55,802 INFO 77258 [egg-mysql] instance[0] status OK, rds currentTime: Wed Jul 11 2018 11:43:55 GMT+0800 (CST)
2018-07-11 11:43:57,311 INFO 77264 [egg:logger] init all loggers with options: {"dir":"/Users/qitmac000404/Documents/personalJobs/dishBooking/logs/dishBooking","encoding":"utf8","env":"local","level":"INFO","consoleLevel":"INFO","disableConsoleAfterReady":false,"outputJSON":false,"buffer":true,"appLogName":"dishBooking-web.log","coreLogName":"egg-web.log","agentLogName":"egg-agent.log","errorLogName":"common-error.log","coreLogger":{"consoleLevel":"WARN"},"allowDebugAtProd":true,"type":"application"}
2018-07-11 11:43:57,350 INFO 77264 [egg-schedule]: register schedule /Users/qitmac000404/Documents/personalJobs/dishBooking/node_modules/egg-logrotator/app/schedule/clean_log.js
2018-07-11 11:43:57,350 INFO 77264 [egg-schedule]: register schedule /Users/qitmac000404/Documents/personalJobs/dishBooking/node_modules/egg-logrotator/app/schedule/rotate_by_file.js
2018-07-11 11:43:57,361 INFO 77264 [egg-mysql] connecting root@bj-cdb-87mvauw8.sql.tencentcdb.com:63163/dish
2018-07-11 11:43:57,448 INFO 77264 [egg-static] starting static serve /public/ -> /Users/qitmac000404/Documents/personalJobs/dishBooking/app/public
2018-07-11 11:43:57,450 INFO 77264 [egg-security] use csrf middleware
2018-07-11 11:43:57,451 INFO 77264 [egg-security] use methodnoallow middleware
2018-07-11 11:43:57,451 INFO 77264 [egg-security] use noopen middleware
2018-07-11 11:43:57,452 INFO 77264 [egg-security] use nosniff middleware
2018-07-11 11:43:57,452 INFO 77264 [egg-security] use xssProtection middleware
2018-07-11 11:43:57,452 INFO 77264 [egg-security] use xframe middleware
2018-07-11 11:43:57,452 INFO 77264 [egg-security] use dta middleware
2018-07-11 11:43:57,452 INFO 77264 [egg-security] compose 7 middlewares into one security middleware
2018-07-11 11:43:57,483 INFO 77264 [egg-watcher:app] watcher start success
2018-07-11 11:43:57,506 INFO 77264 [egg-mysql] instance[0] status OK, rds currentTime: Wed Jul 11 2018 11:43:57 GMT+0800 (CST)
2018-07-11 18:06:10,213 INFO 80648 [egg:logger] init all loggers with options: {"dir":"/Users/qitmac000404/Documents/personalJobs/dishBooking/logs/dishBooking","encoding":"utf8","env":"local","level":"INFO","consoleLevel":"INFO","disableConsoleAfterReady":false,"outputJSON":false,"buffer":true,"appLogName":"dishBooking-web.log","coreLogName":"egg-web.log","agentLogName":"egg-agent.log","errorLogName":"common-error.log","coreLogger":{"consoleLevel":"WARN"},"allowDebugAtProd":true,"type":"application"}
2018-07-11 18:06:10,253 INFO 80648 [egg-schedule]: register schedule /Users/qitmac000404/Documents/personalJobs/dishBooking/node_modules/egg-logrotator/app/schedule/clean_log.js
2018-07-11 18:06:10,253 INFO 80648 [egg-schedule]: register schedule /Users/qitmac000404/Documents/personalJobs/dishBooking/node_modules/egg-logrotator/app/schedule/rotate_by_file.js
2018-07-11 18:06:10,266 INFO 80648 [egg-mysql] connecting root@bj-cdb-87mvauw8.sql.tencentcdb.com:63163/dish
2018-07-11 18:06:10,359 INFO 80648 [egg-static] starting static serve /public/ -> /Users/qitmac000404/Documents/personalJobs/dishBooking/app/public
2018-07-11 18:06:10,361 INFO 80648 [egg-security] use csrf middleware
2018-07-11 18:06:10,362 INFO 80648 [egg-security] use methodnoallow middleware
2018-07-11 18:06:10,362 INFO 80648 [egg-security] use noopen middleware
2018-07-11 18:06:10,363 INFO 80648 [egg-security] use nosniff middleware
2018-07-11 18:06:10,363 INFO 80648 [egg-security] use xssProtection middleware
2018-07-11 18:06:10,363 INFO 80648 [egg-security] use xframe middleware
2018-07-11 18:06:10,364 INFO 80648 [egg-security] use dta middleware
2018-07-11 18:06:10,364 INFO 80648 [egg-security] compose 7 middlewares into one security middleware
2018-07-11 18:06:10,401 INFO 80648 [egg-watcher:app] watcher start success
2018-07-11 18:06:10,411 INFO 80648 [egg-mysql] instance[0] status OK, rds currentTime: Wed Jul 11 2018 18:06:10 GMT+0800 (CST)
2018-07-11 18:06:44,557 INFO 80669 [egg:logger] init all loggers with options: {"dir":"/Users/qitmac000404/Documents/personalJobs/dishBooking/logs/dishBooking","encoding":"utf8","env":"local","level":"INFO","consoleLevel":"INFO","disableConsoleAfterReady":false,"outputJSON":false,"buffer":true,"appLogName":"dishBooking-web.log","coreLogName":"egg-web.log","agentLogName":"egg-agent.log","errorLogName":"common-error.log","coreLogger":{"consoleLevel":"WARN"},"allowDebugAtProd":true,"type":"application"}
2018-07-11 18:06:44,598 INFO 80669 [egg-schedule]: register schedule /Users/qitmac000404/Documents/personalJobs/dishBooking/node_modules/egg-logrotator/app/schedule/clean_log.js
2018-07-11 18:06:44,598 INFO 80669 [egg-schedule]: register schedule /Users/qitmac000404/Documents/personalJobs/dishBooking/node_modules/egg-logrotator/app/schedule/rotate_by_file.js
2018-07-11 18:06:44,610 INFO 80669 [egg-mysql] connecting root@bj-cdb-87mvauw8.sql.tencentcdb.com:63163/dish
2018-07-11 18:06:44,704 INFO 80669 [egg-static] starting static serve /public/ -> /Users/qitmac000404/Documents/personalJobs/dishBooking/app/public
2018-07-11 18:06:44,707 INFO 80669 [egg-security] use csrf middleware
2018-07-11 18:06:44,707 INFO 80669 [egg-security] use methodnoallow middleware
2018-07-11 18:06:44,708 INFO 80669 [egg-security] use noopen middleware
2018-07-11 18:06:44,708 INFO 80669 [egg-security] use nosniff middleware
2018-07-11 18:06:44,708 INFO 80669 [egg-security] use xssProtection middleware
2018-07-11 18:06:44,709 INFO 80669 [egg-security] use xframe middleware
2018-07-11 18:06:44,709 INFO 80669 [egg-security] use dta middleware
2018-07-11 18:06:44,709 INFO 80669 [egg-security] compose 7 middlewares into one security middleware
2018-07-11 18:06:44,745 INFO 80669 [egg-watcher:app] watcher start success
2018-07-11 18:06:44,755 INFO 80669 [egg-mysql] instance[0] status OK, rds currentTime: Wed Jul 11 2018 18:06:44 GMT+0800 (CST)
2018-07-11 18:06:55,923 INFO 80691 [egg:logger] init all loggers with options: {"dir":"/Users/qitmac000404/Documents/personalJobs/dishBooking/logs/dishBooking","encoding":"utf8","env":"local","level":"INFO","consoleLevel":"INFO","disableConsoleAfterReady":false,"outputJSON":false,"buffer":true,"appLogName":"dishBooking-web.log","coreLogName":"egg-web.log","agentLogName":"egg-agent.log","errorLogName":"common-error.log","coreLogger":{"consoleLevel":"WARN"},"allowDebugAtProd":true,"type":"application"}
2018-07-11 18:06:55,966 INFO 80691 [egg-schedule]: register schedule /Users/qitmac000404/Documents/personalJobs/dishBooking/node_modules/egg-logrotator/app/schedule/clean_log.js
2018-07-11 18:06:55,966 INFO 80691 [egg-schedule]: register schedule /Users/qitmac000404/Documents/personalJobs/dishBooking/node_modules/egg-logrotator/app/schedule/rotate_by_file.js
2018-07-11 18:06:55,977 INFO 80691 [egg-mysql] connecting root@bj-cdb-87mvauw8.sql.tencentcdb.com:63163/dish
2018-07-11 18:06:56,066 INFO 80691 [egg-static] starting static serve /public/ -> /Users/qitmac000404/Documents/personalJobs/dishBooking/app/public
2018-07-11 18:06:56,068 INFO 80691 [egg-security] use csrf middleware
2018-07-11 18:06:56,069 INFO 80691 [egg-security] use methodnoallow middleware
2018-07-11 18:06:56,069 INFO 80691 [egg-security] use noopen middleware
2018-07-11 18:06:56,070 INFO 80691 [egg-security] use nosniff middleware
2018-07-11 18:06:56,070 INFO 80691 [egg-security] use xssProtection middleware
2018-07-11 18:06:56,070 INFO 80691 [egg-security] use xframe middleware
2018-07-11 18:06:56,070 INFO 80691 [egg-security] use dta middleware
2018-07-11 18:06:56,070 INFO 80691 [egg-security] compose 7 middlewares into one security middleware
2018-07-11 18:06:56,110 INFO 80691 [egg-watcher:app] watcher start success
2018-07-11 18:06:56,120 INFO 80691 [egg-mysql] instance[0] status OK, rds currentTime: Wed Jul 11 2018 18:06:56 GMT+0800 (CST)
2018-07-11 18:07:20,676 INFO 80716 [egg:logger] init all loggers with options: {"dir":"/Users/qitmac000404/Documents/personalJobs/dishBooking/logs/dishBooking","encoding":"utf8","env":"local","level":"INFO","consoleLevel":"INFO","disableConsoleAfterReady":false,"outputJSON":false,"buffer":true,"appLogName":"dishBooking-web.log","coreLogName":"egg-web.log","agentLogName":"egg-agent.log","errorLogName":"common-error.log","coreLogger":{"consoleLevel":"WARN"},"allowDebugAtProd":true,"type":"application"}
2018-07-11 18:07:20,716 INFO 80716 [egg-schedule]: register schedule /Users/qitmac000404/Documents/personalJobs/dishBooking/node_modules/egg-logrotator/app/schedule/clean_log.js
2018-07-11 18:07:20,716 INFO 80716 [egg-schedule]: register schedule /Users/qitmac000404/Documents/personalJobs/dishBooking/node_modules/egg-logrotator/app/schedule/rotate_by_file.js
2018-07-11 18:07:20,729 INFO 80716 [egg-mysql] connecting root@bj-cdb-87mvauw8.sql.tencentcdb.com:63163/dish
2018-07-11 18:07:20,825 INFO 80716 [egg-static] starting static serve /public/ -> /Users/qitmac000404/Documents/personalJobs/dishBooking/app/public
2018-07-11 18:07:20,828 INFO 80716 [egg-security] use csrf middleware
2018-07-11 18:07:20,828 INFO 80716 [egg-security] use methodnoallow middleware
2018-07-11 18:07:20,829 INFO 80716 [egg-security] use noopen middleware
2018-07-11 18:07:20,829 INFO 80716 [egg-security] use nosniff middleware
2018-07-11 18:07:20,829 INFO 80716 [egg-security] use xssProtection middleware
2018-07-11 18:07:20,830 INFO 80716 [egg-security] use xframe middleware
2018-07-11 18:07:20,830 INFO 80716 [egg-security] use dta middleware
2018-07-11 18:07:20,830 INFO 80716 [egg-security] compose 7 middlewares into one security middleware
2018-07-11 18:07:20,872 INFO 80716 [egg-watcher:app] watcher start success
2018-07-11 18:07:20,882 INFO 80716 [egg-mysql] instance[0] status OK, rds currentTime: Wed Jul 11 2018 18:07:20 GMT+0800 (CST)
2018-07-11 18:07:29,826 INFO 80729 [egg:logger] init all loggers with options: {"dir":"/Users/qitmac000404/Documents/personalJobs/dishBooking/logs/dishBooking","encoding":"utf8","env":"local","level":"INFO","consoleLevel":"INFO","disableConsoleAfterReady":false,"outputJSON":false,"buffer":true,"appLogName":"dishBooking-web.log","coreLogName":"egg-web.log","agentLogName":"egg-agent.log","errorLogName":"common-error.log","coreLogger":{"consoleLevel":"WARN"},"allowDebugAtProd":true,"type":"application"}
2018-07-11 18:07:29,861 INFO 80729 [egg-schedule]: register schedule /Users/qitmac000404/Documents/personalJobs/dishBooking/node_modules/egg-logrotator/app/schedule/clean_log.js
2018-07-11 18:07:29,861 INFO 80729 [egg-schedule]: register schedule /Users/qitmac000404/Documents/personalJobs/dishBooking/node_modules/egg-logrotator/app/schedule/rotate_by_file.js
2018-07-11 18:07:29,874 INFO 80729 [egg-mysql] connecting root@bj-cdb-87mvauw8.sql.tencentcdb.com:63163/dish
2018-07-11 18:07:29,959 INFO 80729 [egg-static] starting static serve /public/ -> /Users/qitmac000404/Documents/personalJobs/dishBooking/app/public
2018-07-11 18:07:29,961 INFO 80729 [egg-security] use csrf middleware
2018-07-11 18:07:29,962 INFO 80729 [egg-security] use methodnoallow middleware
2018-07-11 18:07:29,962 INFO 80729 [egg-security] use noopen middleware
2018-07-11 18:07:29,963 INFO 80729 [egg-security] use nosniff middleware
2018-07-11 18:07:29,963 INFO 80729 [egg-security] use xssProtection middleware
2018-07-11 18:07:29,963 INFO 80729 [egg-security] use xframe middleware
2018-07-11 18:07:29,964 INFO 80729 [egg-security] use dta middleware
2018-07-11 18:07:29,964 INFO 80729 [egg-security] compose 7 middlewares into one security middleware
2018-07-11 18:07:29,996 INFO 80729 [egg-watcher:app] watcher start success
2018-07-11 18:07:30,006 INFO 80729 [egg-mysql] instance[0] status OK, rds currentTime: Wed Jul 11 2018 18:07:29 GMT+0800 (CST)
2018-07-11 18:10:51,025 INFO 80783 [egg:logger] init all loggers with options: {"dir":"/Users/qitmac000404/Documents/personalJobs/dishBooking/logs/dishBooking","encoding":"utf8","env":"local","level":"INFO","consoleLevel":"INFO","disableConsoleAfterReady":false,"outputJSON":false,"buffer":true,"appLogName":"dishBooking-web.log","coreLogName":"egg-web.log","agentLogName":"egg-agent.log","errorLogName":"common-error.log","coreLogger":{"consoleLevel":"WARN"},"allowDebugAtProd":true,"type":"application"}
2018-07-11 18:10:51,065 INFO 80783 [egg-schedule]: register schedule /Users/qitmac000404/Documents/personalJobs/dishBooking/node_modules/egg-logrotator/app/schedule/clean_log.js
2018-07-11 18:10:51,065 INFO 80783 [egg-schedule]: register schedule /Users/qitmac000404/Documents/personalJobs/dishBooking/node_modules/egg-logrotator/app/schedule/rotate_by_file.js
2018-07-11 18:10:51,078 INFO 80783 [egg-mysql] connecting root@bj-cdb-87mvauw8.sql.tencentcdb.com:63163/dish
2018-07-11 18:10:51,169 INFO 80783 [egg-static] starting static serve /public/ -> /Users/qitmac000404/Documents/personalJobs/dishBooking/app/public
2018-07-11 18:10:51,172 INFO 80783 [egg-security] use csrf middleware
2018-07-11 18:10:51,173 INFO 80783 [egg-security] use methodnoallow middleware
2018-07-11 18:10:51,173 INFO 80783 [egg-security] use noopen middleware
2018-07-11 18:10:51,174 INFO 80783 [egg-security] use nosniff middleware
2018-07-11 18:10:51,174 INFO 80783 [egg-security] use xssProtection middleware
2018-07-11 18:10:51,174 INFO 80783 [egg-security] use xframe middleware
2018-07-11 18:10:51,175 INFO 80783 [egg-security] use dta middleware
2018-07-11 18:10:51,175 INFO 80783 [egg-security] compose 7 middlewares into one security middleware
2018-07-11 18:10:51,209 INFO 80783 [egg-watcher:app] watcher start success
2018-07-11 18:10:51,218 INFO 80783 [egg-mysql] instance[0] status OK, rds currentTime: Wed Jul 11 2018 18:10:51 GMT+0800 (CST)
2018-07-11 18:11:07,254 INFO 80815 [egg:logger] init all loggers with options: {"dir":"/Users/qitmac000404/Documents/personalJobs/dishBooking/logs/dishBooking","encoding":"utf8","env":"local","level":"INFO","consoleLevel":"INFO","disableConsoleAfterReady":false,"outputJSON":false,"buffer":true,"appLogName":"dishBooking-web.log","coreLogName":"egg-web.log","agentLogName":"egg-agent.log","errorLogName":"common-error.log","coreLogger":{"consoleLevel":"WARN"},"allowDebugAtProd":true,"type":"application"}
2018-07-11 18:11:07,302 INFO 80815 [egg-schedule]: register schedule /Users/qitmac000404/Documents/personalJobs/dishBooking/node_modules/egg-logrotator/app/schedule/clean_log.js
2018-07-11 18:11:07,302 INFO 80815 [egg-schedule]: register schedule /Users/qitmac000404/Documents/personalJobs/dishBooking/node_modules/egg-logrotator/app/schedule/rotate_by_file.js
2018-07-11 18:11:07,325 INFO 80815 [egg-mysql] connecting root@bj-cdb-87mvauw8.sql.tencentcdb.com:63163/dish
2018-07-11 18:11:07,421 INFO 80815 [egg-static] starting static serve /public/ -> /Users/qitmac000404/Documents/personalJobs/dishBooking/app/public
2018-07-11 18:11:07,423 INFO 80815 [egg-security] use csrf middleware
2018-07-11 18:11:07,424 INFO 80815 [egg-security] use methodnoallow middleware
2018-07-11 18:11:07,424 INFO 80815 [egg-security] use noopen middleware
2018-07-11 18:11:07,425 INFO 80815 [egg-security] use nosniff middleware
2018-07-11 18:11:07,426 INFO 80815 [egg-security] use xssProtection middleware
2018-07-11 18:11:07,426 INFO 80815 [egg-security] use xframe middleware
2018-07-11 18:11:07,426 INFO 80815 [egg-security] use dta middleware
2018-07-11 18:11:07,426 INFO 80815 [egg-security] compose 7 middlewares into one security middleware
2018-07-11 18:11:07,461 INFO 80815 [egg-watcher:app] watcher start success
2018-07-11 18:11:07,470 INFO 80815 [egg-mysql] instance[0] status OK, rds currentTime: Wed Jul 11 2018 18:11:07 GMT+0800 (CST)
2018-07-11 18:11:49,361 INFO 80826 [egg:logger] init all loggers with options: {"dir":"/Users/qitmac000404/Documents/personalJobs/dishBooking/logs/dishBooking","encoding":"utf8","env":"local","level":"INFO","consoleLevel":"INFO","disableConsoleAfterReady":false,"outputJSON":false,"buffer":true,"appLogName":"dishBooking-web.log","coreLogName":"egg-web.log","agentLogName":"egg-agent.log","errorLogName":"common-error.log","coreLogger":{"consoleLevel":"WARN"},"allowDebugAtProd":true,"type":"application"}
2018-07-11 18:11:49,405 INFO 80826 [egg-schedule]: register schedule /Users/qitmac000404/Documents/personalJobs/dishBooking/node_modules/egg-logrotator/app/schedule/clean_log.js
2018-07-11 18:11:49,405 INFO 80826 [egg-schedule]: register schedule /Users/qitmac000404/Documents/personalJobs/dishBooking/node_modules/egg-logrotator/app/schedule/rotate_by_file.js
2018-07-11 18:11:49,420 INFO 80826 [egg-mysql] connecting root@bj-cdb-87mvauw8.sql.tencentcdb.com:63163/dish
2018-07-11 18:11:49,509 INFO 80826 [egg-static] starting static serve /public/ -> /Users/qitmac000404/Documents/personalJobs/dishBooking/app/public
2018-07-11 18:11:49,512 INFO 80826 [egg-security] use csrf middleware
2018-07-11 18:11:49,512 INFO 80826 [egg-security] use methodnoallow middleware
2018-07-11 18:11:49,513 INFO 80826 [egg-security] use noopen middleware
2018-07-11 18:11:49,513 INFO 80826 [egg-security] use nosniff middleware
2018-07-11 18:11:49,513 INFO 80826 [egg-security] use xssProtection middleware
2018-07-11 18:11:49,513 INFO 80826 [egg-security] use xframe middleware
2018-07-11 18:11:49,514 INFO 80826 [egg-security] use dta middleware
2018-07-11 18:11:49,514 INFO 80826 [egg-security] compose 7 middlewares into one security middleware
2018-07-11 18:11:49,549 INFO 80826 [egg-watcher:app] watcher start success
2018-07-11 18:11:49,558 INFO 80826 [egg-mysql] instance[0] status OK, rds currentTime: Wed Jul 11 2018 18:11:49 GMT+0800 (CST)
2018-07-11 18:12:01,987 INFO 80839 [egg:logger] init all loggers with options: {"dir":"/Users/qitmac000404/Documents/personalJobs/dishBooking/logs/dishBooking","encoding":"utf8","env":"local","level":"INFO","consoleLevel":"INFO","disableConsoleAfterReady":false,"outputJSON":false,"buffer":true,"appLogName":"dishBooking-web.log","coreLogName":"egg-web.log","agentLogName":"egg-agent.log","errorLogName":"common-error.log","coreLogger":{"consoleLevel":"WARN"},"allowDebugAtProd":true,"type":"application"}
2018-07-11 18:12:02,030 INFO 80839 [egg-schedule]: register schedule /Users/qitmac000404/Documents/personalJobs/dishBooking/node_modules/egg-logrotator/app/schedule/clean_log.js
2018-07-11 18:12:02,030 INFO 80839 [egg-schedule]: register schedule /Users/qitmac000404/Documents/personalJobs/dishBooking/node_modules/egg-logrotator/app/schedule/rotate_by_file.js
2018-07-11 18:12:02,042 INFO 80839 [egg-mysql] connecting root@bj-cdb-87mvauw8.sql.tencentcdb.com:63163/dish
2018-07-11 18:12:02,131 INFO 80839 [egg-static] starting static serve /public/ -> /Users/qitmac000404/Documents/personalJobs/dishBooking/app/public
2018-07-11 18:12:02,134 INFO 80839 [egg-security] use csrf middleware
2018-07-11 18:12:02,134 INFO 80839 [egg-security] use methodnoallow middleware
2018-07-11 18:12:02,135 INFO 80839 [egg-security] use noopen middleware
2018-07-11 18:12:02,136 INFO 80839 [egg-security] use nosniff middleware
2018-07-11 18:12:02,136 INFO 80839 [egg-security] use xssProtection middleware
2018-07-11 18:12:02,137 INFO 80839 [egg-security] use xframe middleware
2018-07-11 18:12:02,137 INFO 80839 [egg-security] use dta middleware
2018-07-11 18:12:02,137 INFO 80839 [egg-security] compose 7 middlewares into one security middleware
2018-07-11 18:12:02,174 INFO 80839 [egg-watcher:app] watcher start success
2018-07-11 18:12:02,183 INFO 80839 [egg-mysql] instance[0] status OK, rds currentTime: Wed Jul 11 2018 18:12:02 GMT+0800 (CST)
2018-07-11 18:13:01,159 INFO 80864 [egg:logger] init all loggers with options: {"dir":"/Users/qitmac000404/Documents/personalJobs/dishBooking/logs/dishBooking","encoding":"utf8","env":"local","level":"INFO","consoleLevel":"INFO","disableConsoleAfterReady":false,"outputJSON":false,"buffer":true,"appLogName":"dishBooking-web.log","coreLogName":"egg-web.log","agentLogName":"egg-agent.log","errorLogName":"common-error.log","coreLogger":{"consoleLevel":"WARN"},"allowDebugAtProd":true,"type":"application"}
2018-07-11 18:13:01,196 INFO 80864 [egg-schedule]: register schedule /Users/qitmac000404/Documents/personalJobs/dishBooking/node_modules/egg-logrotator/app/schedule/clean_log.js
2018-07-11 18:13:01,196 INFO 80864 [egg-schedule]: register schedule /Users/qitmac000404/Documents/personalJobs/dishBooking/node_modules/egg-logrotator/app/schedule/rotate_by_file.js
2018-07-11 18:13:01,209 INFO 80864 [egg-mysql] connecting root@bj-cdb-87mvauw8.sql.tencentcdb.com:63163/dish
2018-07-11 18:13:01,302 INFO 80864 [egg-static] starting static serve /public/ -> /Users/qitmac000404/Documents/personalJobs/dishBooking/app/public
2018-07-11 18:13:01,305 INFO 80864 [egg-security] use csrf middleware
2018-07-11 18:13:01,306 INFO 80864 [egg-security] use methodnoallow middleware
2018-07-11 18:13:01,306 INFO 80864 [egg-security] use noopen middleware
2018-07-11 18:13:01,307 INFO 80864 [egg-security] use nosniff middleware
2018-07-11 18:13:01,307 INFO 80864 [egg-security] use xssProtection middleware
2018-07-11 18:13:01,308 INFO 80864 [egg-security] use xframe middleware
2018-07-11 18:13:01,308 INFO 80864 [egg-security] use dta middleware
2018-07-11 18:13:01,308 INFO 80864 [egg-security] compose 7 middlewares into one security middleware
2018-07-11 18:13:01,344 INFO 80864 [egg-watcher:app] watcher start success
2018-07-11 18:13:01,361 INFO 80864 [egg-mysql] instance[0] status OK, rds currentTime: Wed Jul 11 2018 18:13:01 GMT+0800 (CST)
2018-07-11 18:13:37,404 INFO 80883 [egg:logger] init all loggers with options: {"dir":"/Users/qitmac000404/Documents/personalJobs/dishBooking/logs/dishBooking","encoding":"utf8","env":"local","level":"INFO","consoleLevel":"INFO","disableConsoleAfterReady":false,"outputJSON":false,"buffer":true,"appLogName":"dishBooking-web.log","coreLogName":"egg-web.log","agentLogName":"egg-agent.log","errorLogName":"common-error.log","coreLogger":{"consoleLevel":"WARN"},"allowDebugAtProd":true,"type":"application"}
2018-07-11 18:13:37,447 INFO 80883 [egg-schedule]: register schedule /Users/qitmac000404/Documents/personalJobs/dishBooking/node_modules/egg-logrotator/app/schedule/clean_log.js
2018-07-11 18:13:37,447 INFO 80883 [egg-schedule]: register schedule /Users/qitmac000404/Documents/personalJobs/dishBooking/node_modules/egg-logrotator/app/schedule/rotate_by_file.js
2018-07-11 18:13:37,461 INFO 80883 [egg-mysql] connecting root@bj-cdb-87mvauw8.sql.tencentcdb.com:63163/dish
2018-07-11 18:13:37,559 INFO 80883 [egg-static] starting static serve /public/ -> /Users/qitmac000404/Documents/personalJobs/dishBooking/app/public
2018-07-11 18:13:37,563 INFO 80883 [egg-security] use csrf middleware
2018-07-11 18:13:37,563 INFO 80883 [egg-security] use methodnoallow middleware
2018-07-11 18:13:37,564 INFO 80883 [egg-security] use noopen middleware
2018-07-11 18:13:37,564 INFO 80883 [egg-security] use nosniff middleware
2018-07-11 18:13:37,564 INFO 80883 [egg-security] use xssProtection middleware
2018-07-11 18:13:37,565 INFO 80883 [egg-security] use xframe middleware
2018-07-11 18:13:37,565 INFO 80883 [egg-security] use dta middleware
2018-07-11 18:13:37,565 INFO 80883 [egg-security] compose 7 middlewares into one security middleware
2018-07-11 18:13:37,599 INFO 80883 [egg-watcher:app] watcher start success
2018-07-11 18:13:37,621 INFO 80883 [egg-mysql] instance[0] status OK, rds currentTime: Wed Jul 11 2018 18:13:37 GMT+0800 (CST)
2018-07-11 18:13:45,519 INFO 80896 [egg:logger] init all loggers with options: {"dir":"/Users/qitmac000404/Documents/personalJobs/dishBooking/logs/dishBooking","encoding":"utf8","env":"local","level":"INFO","consoleLevel":"INFO","disableConsoleAfterReady":false,"outputJSON":false,"buffer":true,"appLogName":"dishBooking-web.log","coreLogName":"egg-web.log","agentLogName":"egg-agent.log","errorLogName":"common-error.log","coreLogger":{"consoleLevel":"WARN"},"allowDebugAtProd":true,"type":"application"}
2018-07-11 18:13:45,556 INFO 80896 [egg-schedule]: register schedule /Users/qitmac000404/Documents/personalJobs/dishBooking/node_modules/egg-logrotator/app/schedule/clean_log.js
2018-07-11 18:13:45,556 INFO 80896 [egg-schedule]: register schedule /Users/qitmac000404/Documents/personalJobs/dishBooking/node_modules/egg-logrotator/app/schedule/rotate_by_file.js
2018-07-11 18:13:45,567 INFO 80896 [egg-mysql] connecting root@bj-cdb-87mvauw8.sql.tencentcdb.com:63163/dish
2018-07-11 18:13:45,656 INFO 80896 [egg-static] starting static serve /public/ -> /Users/qitmac000404/Documents/personalJobs/dishBooking/app/public
2018-07-11 18:13:45,659 INFO 80896 [egg-security] use csrf middleware
2018-07-11 18:13:45,659 INFO 80896 [egg-security] use methodnoallow middleware
2018-07-11 18:13:45,660 INFO 80896 [egg-security] use noopen middleware
2018-07-11 18:13:45,660 INFO 80896 [egg-security] use nosniff middleware
2018-07-11 18:13:45,661 INFO 80896 [egg-security] use xssProtection middleware
2018-07-11 18:13:45,661 INFO 80896 [egg-security] use xframe middleware
2018-07-11 18:13:45,661 INFO 80896 [egg-security] use dta middleware
2018-07-11 18:13:45,661 INFO 80896 [egg-security] compose 7 middlewares into one security middleware
2018-07-11 18:13:45,698 INFO 80896 [egg-watcher:app] watcher start success
2018-07-11 18:13:45,717 INFO 80896 [egg-mysql] instance[0] status OK, rds currentTime: Wed Jul 11 2018 18:13:45 GMT+0800 (CST)
2018-07-11 18:14:48,898 INFO 80932 [egg:logger] init all loggers with options: {"dir":"/Users/qitmac000404/Documents/personalJobs/dishBooking/logs/dishBooking","encoding":"utf8","env":"local","level":"INFO","consoleLevel":"INFO","disableConsoleAfterReady":false,"outputJSON":false,"buffer":true,"appLogName":"dishBooking-web.log","coreLogName":"egg-web.log","agentLogName":"egg-agent.log","errorLogName":"common-error.log","coreLogger":{"consoleLevel":"WARN"},"allowDebugAtProd":true,"type":"application"}
2018-07-11 18:14:48,937 INFO 80932 [egg-schedule]: register schedule /Users/qitmac000404/Documents/personalJobs/dishBooking/node_modules/egg-logrotator/app/schedule/clean_log.js
2018-07-11 18:14:48,937 INFO 80932 [egg-schedule]: register schedule /Users/qitmac000404/Documents/personalJobs/dishBooking/node_modules/egg-logrotator/app/schedule/rotate_by_file.js
2018-07-11 18:14:48,952 INFO 80932 [egg-mysql] connecting root@bj-cdb-87mvauw8.sql.tencentcdb.com:63163/dish
2018-07-11 18:14:49,040 INFO 80932 [egg-static] starting static serve /public/ -> /Users/qitmac000404/Documents/personalJobs/dishBooking/app/public
2018-07-11 18:14:49,043 INFO 80932 [egg-security] use csrf middleware
2018-07-11 18:14:49,043 INFO 80932 [egg-security] use methodnoallow middleware
2018-07-11 18:14:49,044 INFO 80932 [egg-security] use noopen middleware
2018-07-11 18:14:49,044 INFO 80932 [egg-security] use nosniff middleware
2018-07-11 18:14:49,044 INFO 80932 [egg-security] use xssProtection middleware
2018-07-11 18:14:49,044 INFO 80932 [egg-security] use xframe middleware
2018-07-11 18:14:49,045 INFO 80932 [egg-security] use dta middleware
2018-07-11 18:14:49,045 INFO 80932 [egg-security] compose 7 middlewares into one security middleware
2018-07-11 18:14:49,079 INFO 80932 [egg-watcher:app] watcher start success
2018-07-11 18:14:49,101 INFO 80932 [egg-mysql] instance[0] status OK, rds currentTime: Wed Jul 11 2018 18:14:49 GMT+0800 (CST)
2018-07-11 18:14:54,768 INFO 80945 [egg:logger] init all loggers with options: {"dir":"/Users/qitmac000404/Documents/personalJobs/dishBooking/logs/dishBooking","encoding":"utf8","env":"local","level":"INFO","consoleLevel":"INFO","disableConsoleAfterReady":false,"outputJSON":false,"buffer":true,"appLogName":"dishBooking-web.log","coreLogName":"egg-web.log","agentLogName":"egg-agent.log","errorLogName":"common-error.log","coreLogger":{"consoleLevel":"WARN"},"allowDebugAtProd":true,"type":"application"}
2018-07-11 18:14:54,807 INFO 80945 [egg-schedule]: register schedule /Users/qitmac000404/Documents/personalJobs/dishBooking/node_modules/egg-logrotator/app/schedule/clean_log.js
2018-07-11 18:14:54,807 INFO 80945 [egg-schedule]: register schedule /Users/qitmac000404/Documents/personalJobs/dishBooking/node_modules/egg-logrotator/app/schedule/rotate_by_file.js
2018-07-11 18:14:54,821 INFO 80945 [egg-mysql] connecting root@bj-cdb-87mvauw8.sql.tencentcdb.com:63163/dish
2018-07-11 18:14:54,916 INFO 80945 [egg-static] starting static serve /public/ -> /Users/qitmac000404/Documents/personalJobs/dishBooking/app/public
2018-07-11 18:14:54,919 INFO 80945 [egg-security] use csrf middleware
2018-07-11 18:14:54,921 INFO 80945 [egg-security] use methodnoallow middleware
2018-07-11 18:14:54,921 INFO 80945 [egg-security] use noopen middleware
2018-07-11 18:14:54,921 INFO 80945 [egg-security] use nosniff middleware
2018-07-11 18:14:54,922 INFO 80945 [egg-security] use xssProtection middleware
2018-07-11 18:14:54,922 INFO 80945 [egg-security] use xframe middleware
2018-07-11 18:14:54,922 INFO 80945 [egg-security] use dta middleware
2018-07-11 18:14:54,922 INFO 80945 [egg-security] compose 7 middlewares into one security middleware
2018-07-11 18:14:54,962 INFO 80945 [egg-watcher:app] watcher start success
2018-07-11 18:14:54,979 INFO 80945 [egg-mysql] instance[0] status OK, rds currentTime: Wed Jul 11 2018 18:14:54 GMT+0800 (CST)
2018-07-11 18:19:30,360 INFO 81022 [egg:logger] init all loggers with options: {"dir":"/Users/qitmac000404/Documents/personalJobs/dishBooking/logs/dishBooking","encoding":"utf8","env":"local","level":"INFO","consoleLevel":"INFO","disableConsoleAfterReady":false,"outputJSON":false,"buffer":true,"appLogName":"dishBooking-web.log","coreLogName":"egg-web.log","agentLogName":"egg-agent.log","errorLogName":"common-error.log","coreLogger":{"consoleLevel":"WARN"},"allowDebugAtProd":true,"type":"application"}
2018-07-11 18:19:30,406 INFO 81022 [egg-schedule]: register schedule /Users/qitmac000404/Documents/personalJobs/dishBooking/node_modules/egg-logrotator/app/schedule/clean_log.js
2018-07-11 18:19:30,406 INFO 81022 [egg-schedule]: register schedule /Users/qitmac000404/Documents/personalJobs/dishBooking/node_modules/egg-logrotator/app/schedule/rotate_by_file.js
2018-07-11 18:19:30,419 INFO 81022 [egg-mysql] connecting root@bj-cdb-87mvauw8.sql.tencentcdb.com:63163/dish
2018-07-11 18:19:30,526 INFO 81022 [egg-static] starting static serve /public/ -> /Users/qitmac000404/Documents/personalJobs/dishBooking/app/public
2018-07-11 18:19:30,528 INFO 81022 [egg-security] use csrf middleware
2018-07-11 18:19:30,529 INFO 81022 [egg-security] use methodnoallow middleware
2018-07-11 18:19:30,530 INFO 81022 [egg-security] use noopen middleware
2018-07-11 18:19:30,530 INFO 81022 [egg-security] use nosniff middleware
2018-07-11 18:19:30,530 INFO 81022 [egg-security] use xssProtection middleware
2018-07-11 18:19:30,531 INFO 81022 [egg-security] use xframe middleware
2018-07-11 18:19:30,531 INFO 81022 [egg-security] use dta middleware
2018-07-11 18:19:30,531 INFO 81022 [egg-security] compose 7 middlewares into one security middleware
2018-07-11 18:19:30,563 INFO 81022 [egg-watcher:app] watcher start success
2018-07-11 18:19:30,618 INFO 81022 [egg-mysql] instance[0] status OK, rds currentTime: Wed Jul 11 2018 18:19:30 GMT+0800 (CST)
2018-07-11 18:19:36,933 INFO 81035 [egg:logger] init all loggers with options: {"dir":"/Users/qitmac000404/Documents/personalJobs/dishBooking/logs/dishBooking","encoding":"utf8","env":"local","level":"INFO","consoleLevel":"INFO","disableConsoleAfterReady":false,"outputJSON":false,"buffer":true,"appLogName":"dishBooking-web.log","coreLogName":"egg-web.log","agentLogName":"egg-agent.log","errorLogName":"common-error.log","coreLogger":{"consoleLevel":"WARN"},"allowDebugAtProd":true,"type":"application"}
2018-07-11 18:19:36,993 INFO 81035 [egg-schedule]: register schedule /Users/qitmac000404/Documents/personalJobs/dishBooking/node_modules/egg-logrotator/app/schedule/clean_log.js
2018-07-11 18:19:36,993 INFO 81035 [egg-schedule]: register schedule /Users/qitmac000404/Documents/personalJobs/dishBooking/node_modules/egg-logrotator/app/schedule/rotate_by_file.js
2018-07-11 18:19:37,007 INFO 81035 [egg-mysql] connecting root@bj-cdb-87mvauw8.sql.tencentcdb.com:63163/dish
2018-07-11 18:19:37,099 INFO 81035 [egg-static] starting static serve /public/ -> /Users/qitmac000404/Documents/personalJobs/dishBooking/app/public
2018-07-11 18:19:37,102 INFO 81035 [egg-security] use csrf middleware
2018-07-11 18:19:37,103 INFO 81035 [egg-security] use methodnoallow middleware
2018-07-11 18:19:37,103 INFO 81035 [egg-security] use noopen middleware
2018-07-11 18:19:37,104 INFO 81035 [egg-security] use nosniff middleware
2018-07-11 18:19:37,104 INFO 81035 [egg-security] use xssProtection middleware
2018-07-11 18:19:37,104 INFO 81035 [egg-security] use xframe middleware
2018-07-11 18:19:37,104 INFO 81035 [egg-security] use dta middleware
2018-07-11 18:19:37,104 INFO 81035 [egg-security] compose 7 middlewares into one security middleware
2018-07-11 18:19:37,137 INFO 81035 [egg-watcher:app] watcher start success
2018-07-11 18:19:37,160 INFO 81035 [egg-mysql] instance[0] status OK, rds currentTime: Wed Jul 11 2018 18:19:37 GMT+0800 (CST)
2018-07-11 18:21:24,258 INFO 81062 [egg:logger] init all loggers with options: {"dir":"/Users/qitmac000404/Documents/personalJobs/dishBooking/logs/dishBooking","encoding":"utf8","env":"local","level":"INFO","consoleLevel":"INFO","disableConsoleAfterReady":false,"outputJSON":false,"buffer":true,"appLogName":"dishBooking-web.log","coreLogName":"egg-web.log","agentLogName":"egg-agent.log","errorLogName":"common-error.log","coreLogger":{"consoleLevel":"WARN"},"allowDebugAtProd":true,"type":"application"}
2018-07-11 18:21:24,299 INFO 81062 [egg-schedule]: register schedule /Users/qitmac000404/Documents/personalJobs/dishBooking/node_modules/egg-logrotator/app/schedule/clean_log.js
2018-07-11 18:21:24,299 INFO 81062 [egg-schedule]: register schedule /Users/qitmac000404/Documents/personalJobs/dishBooking/node_modules/egg-logrotator/app/schedule/rotate_by_file.js
2018-07-11 18:21:24,311 INFO 81062 [egg-mysql] connecting root@bj-cdb-87mvauw8.sql.tencentcdb.com:63163/dish
2018-07-11 18:21:24,403 INFO 81062 [egg-static] starting static serve /public/ -> /Users/qitmac000404/Documents/personalJobs/dishBooking/app/public
2018-07-11 18:21:24,406 INFO 81062 [egg-security] use csrf middleware
2018-07-11 18:21:24,407 INFO 81062 [egg-security] use methodnoallow middleware
2018-07-11 18:21:24,407 INFO 81062 [egg-security] use noopen middleware
2018-07-11 18:21:24,407 INFO 81062 [egg-security] use nosniff middleware
2018-07-11 18:21:24,408 INFO 81062 [egg-security] use xssProtection middleware
2018-07-11 18:21:24,408 INFO 81062 [egg-security] use xframe middleware
2018-07-11 18:21:24,408 INFO 81062 [egg-security] use dta middleware
2018-07-11 18:21:24,408 INFO 81062 [egg-security] compose 7 middlewares into one security middleware
2018-07-11 18:21:24,440 INFO 81062 [egg-watcher:app] watcher start success
2018-07-11 18:21:24,463 INFO 81062 [egg-mysql] instance[0] status OK, rds currentTime: Wed Jul 11 2018 18:21:24 GMT+0800 (CST)
2018-07-11 18:21:34,624 INFO 81077 [egg:logger] init all loggers with options: {"dir":"/Users/qitmac000404/Documents/personalJobs/dishBooking/logs/dishBooking","encoding":"utf8","env":"local","level":"INFO","consoleLevel":"INFO","disableConsoleAfterReady":false,"outputJSON":false,"buffer":true,"appLogName":"dishBooking-web.log","coreLogName":"egg-web.log","agentLogName":"egg-agent.log","errorLogName":"common-error.log","coreLogger":{"consoleLevel":"WARN"},"allowDebugAtProd":true,"type":"application"}
2018-07-11 18:21:34,665 INFO 81077 [egg-schedule]: register schedule /Users/qitmac000404/Documents/personalJobs/dishBooking/node_modules/egg-logrotator/app/schedule/clean_log.js
2018-07-11 18:21:34,665 INFO 81077 [egg-schedule]: register schedule /Users/qitmac000404/Documents/personalJobs/dishBooking/node_modules/egg-logrotator/app/schedule/rotate_by_file.js
2018-07-11 18:21:34,678 INFO 81077 [egg-mysql] connecting root@bj-cdb-87mvauw8.sql.tencentcdb.com:63163/dish
2018-07-11 18:21:34,772 INFO 81077 [egg-static] starting static serve /public/ -> /Users/qitmac000404/Documents/personalJobs/dishBooking/app/public
2018-07-11 18:21:34,775 INFO 81077 [egg-security] use csrf middleware
2018-07-11 18:21:34,775 INFO 81077 [egg-security] use methodnoallow middleware
2018-07-11 18:21:34,776 INFO 81077 [egg-security] use noopen middleware
2018-07-11 18:21:34,776 INFO 81077 [egg-security] use nosniff middleware
2018-07-11 18:21:34,777 INFO 81077 [egg-security] use xssProtection middleware
2018-07-11 18:21:34,777 INFO 81077 [egg-security] use xframe middleware
2018-07-11 18:21:34,777 INFO 81077 [egg-security] use dta middleware
2018-07-11 18:21:34,777 INFO 81077 [egg-security] compose 7 middlewares into one security middleware
2018-07-11 18:21:34,810 INFO 81077 [egg-watcher:app] watcher start success
2018-07-11 18:21:34,833 INFO 81077 [egg-mysql] instance[0] status OK, rds currentTime: Wed Jul 11 2018 18:21:34 GMT+0800 (CST)
2018-07-11 18:21:41,810 INFO 81098 [egg:logger] init all loggers with options: {"dir":"/Users/qitmac000404/Documents/personalJobs/dishBooking/logs/dishBooking","encoding":"utf8","env":"local","level":"INFO","consoleLevel":"INFO","disableConsoleAfterReady":false,"outputJSON":false,"buffer":true,"appLogName":"dishBooking-web.log","coreLogName":"egg-web.log","agentLogName":"egg-agent.log","errorLogName":"common-error.log","coreLogger":{"consoleLevel":"WARN"},"allowDebugAtProd":true,"type":"application"}
2018-07-11 18:21:41,853 INFO 81098 [egg-schedule]: register schedule /Users/qitmac000404/Documents/personalJobs/dishBooking/node_modules/egg-logrotator/app/schedule/clean_log.js
2018-07-11 18:21:41,853 INFO 81098 [egg-schedule]: register schedule /Users/qitmac000404/Documents/personalJobs/dishBooking/node_modules/egg-logrotator/app/schedule/rotate_by_file.js
2018-07-11 18:21:41,865 INFO 81098 [egg-mysql] connecting root@bj-cdb-87mvauw8.sql.tencentcdb.com:63163/dish
2018-07-11 18:21:41,959 INFO 81098 [egg-static] starting static serve /public/ -> /Users/qitmac000404/Documents/personalJobs/dishBooking/app/public
2018-07-11 18:21:41,961 INFO 81098 [egg-security] use csrf middleware
2018-07-11 18:21:41,962 INFO 81098 [egg-security] use methodnoallow middleware
2018-07-11 18:21:41,963 INFO 81098 [egg-security] use noopen middleware
2018-07-11 18:21:41,963 INFO 81098 [egg-security] use nosniff middleware
2018-07-11 18:21:41,963 INFO 81098 [egg-security] use xssProtection middleware
2018-07-11 18:21:41,964 INFO 81098 [egg-security] use xframe middleware
2018-07-11 18:21:41,964 INFO 81098 [egg-security] use dta middleware
2018-07-11 18:21:41,964 INFO 81098 [egg-security] compose 7 middlewares into one security middleware
2018-07-11 18:21:42,001 INFO 81098 [egg-watcher:app] watcher start success
2018-07-11 18:21:42,020 INFO 81098 [egg-mysql] instance[0] status OK, rds currentTime: Wed Jul 11 2018 18:21:42 GMT+0800 (CST)
2018-07-11 18:25:13,085 INFO 81142 [egg:logger] init all loggers with options: {"dir":"/Users/qitmac000404/Documents/personalJobs/dishBooking/logs/dishBooking","encoding":"utf8","env":"local","level":"INFO","consoleLevel":"INFO","disableConsoleAfterReady":false,"outputJSON":false,"buffer":true,"appLogName":"dishBooking-web.log","coreLogName":"egg-web.log","agentLogName":"egg-agent.log","errorLogName":"common-error.log","coreLogger":{"consoleLevel":"WARN"},"allowDebugAtProd":true,"type":"application"}
2018-07-11 18:25:13,124 INFO 81142 [egg-schedule]: register schedule /Users/qitmac000404/Documents/personalJobs/dishBooking/node_modules/egg-logrotator/app/schedule/clean_log.js
2018-07-11 18:25:13,124 INFO 81142 [egg-schedule]: register schedule /Users/qitmac000404/Documents/personalJobs/dishBooking/node_modules/egg-logrotator/app/schedule/rotate_by_file.js
2018-07-11 18:25:13,137 INFO 81142 [egg-mysql] connecting root@bj-cdb-87mvauw8.sql.tencentcdb.com:63163/dish
2018-07-11 18:25:13,222 INFO 81142 [egg-static] starting static serve /public/ -> /Users/qitmac000404/Documents/personalJobs/dishBooking/app/public
2018-07-11 18:25:13,225 INFO 81142 [egg-security] use csrf middleware
2018-07-11 18:25:13,225 INFO 81142 [egg-security] use methodnoallow middleware
2018-07-11 18:25:13,226 INFO 81142 [egg-security] use noopen middleware
2018-07-11 18:25:13,226 INFO 81142 [egg-security] use nosniff middleware
2018-07-11 18:25:13,226 INFO 81142 [egg-security] use xssProtection middleware
2018-07-11 18:25:13,227 INFO 81142 [egg-security] use xframe middleware
2018-07-11 18:25:13,227 INFO 81142 [egg-security] use dta middleware
2018-07-11 18:25:13,227 INFO 81142 [egg-security] compose 7 middlewares into one security middleware
2018-07-11 18:25:13,257 INFO 81142 [egg-watcher:app] watcher start success
2018-07-11 18:25:13,282 INFO 81142 [egg-mysql] instance[0] status OK, rds currentTime: Wed Jul 11 2018 18:25:13 GMT+0800 (CST)
2018-07-11 18:33:26,150 INFO 81365 [egg:logger] init all loggers with options: {"dir":"/Users/qitmac000404/Documents/personalJobs/dishBooking/logs/dishBooking","encoding":"utf8","env":"local","level":"INFO","consoleLevel":"INFO","disableConsoleAfterReady":false,"outputJSON":false,"buffer":true,"appLogName":"dishBooking-web.log","coreLogName":"egg-web.log","agentLogName":"egg-agent.log","errorLogName":"common-error.log","coreLogger":{"consoleLevel":"WARN"},"allowDebugAtProd":true,"type":"application"}
2018-07-11 18:33:26,187 INFO 81365 [egg-schedule]: register schedule /Users/qitmac000404/Documents/personalJobs/dishBooking/node_modules/egg-logrotator/app/schedule/clean_log.js
2018-07-11 18:33:26,187 INFO 81365 [egg-schedule]: register schedule /Users/qitmac000404/Documents/personalJobs/dishBooking/node_modules/egg-logrotator/app/schedule/rotate_by_file.js
2018-07-11 18:33:26,197 INFO 81365 [egg-mysql] connecting root@bj-cdb-87mvauw8.sql.tencentcdb.com:63163/dish
2018-07-11 18:33:26,283 INFO 81365 [egg-static] starting static serve /public/ -> /Users/qitmac000404/Documents/personalJobs/dishBooking/app/public
2018-07-11 18:33:26,285 INFO 81365 [egg-security] use csrf middleware
2018-07-11 18:33:26,286 INFO 81365 [egg-security] use methodnoallow middleware
2018-07-11 18:33:26,286 INFO 81365 [egg-security] use noopen middleware
2018-07-11 18:33:26,286 INFO 81365 [egg-security] use nosniff middleware
2018-07-11 18:33:26,287 INFO 81365 [egg-security] use xssProtection middleware
2018-07-11 18:33:26,287 INFO 81365 [egg-security] use xframe middleware
2018-07-11 18:33:26,287 INFO 81365 [egg-security] use dta middleware
2018-07-11 18:33:26,287 INFO 81365 [egg-security] compose 7 middlewares into one security middleware
2018-07-11 18:33:26,328 INFO 81365 [egg-watcher:app] watcher start success
2018-07-11 18:33:26,620 INFO 81365 [egg-mysql] instance[0] status OK, rds currentTime: Wed Jul 11 2018 18:33:26 GMT+0800 (CST)
